{"time":1783387755801,"msg":"plugin init"}
{"time":1783387756195,"msg":"main session: 9f5ffeC7M1n564joqEpl"}
{"time":1783387806548,"msg":"plugin init"}
{"time":1783387806798,"msg":"main session: 41affez6TODuMlhbYYWO"}
{"time":1783387887418,"msg":"plugin init"}
{"time":1783387887717,"msg":"main session: 819ffeDjczVR3zH7qLnD"}
{"time":1783387943188,"msg":"plugin init"}
{"time":1783387943573,"msg":"main session: deeffeQCB7AvIRXxHAHi"}
{"time":1783388003717,"msg":"plugin init"}
{"time":1783388004003,"msg":"main session: 1deffesiOtxxaM8A7E4B"}
{"time":1783388057459,"msg":"plugin init"}
{"time":1783388057714,"msg":"main session: ff7ffexNpXTsHeq5NtOv"}
{"time":1783388400218,"msg":"plugin init"}
{"time":1783388400513,"msg":"main session: 500ffedltVS2rDr4UOXr"}
{"time":1783388439233,"msg":"plugin init"}
{"time":1783388439481,"msg":"main session: cb6ffeiEvIPFu43jDHOH"}
{"time":1783388521104,"msg":"plugin init"}
{"time":1783388521366,"msg":"main session: ccfffeCaqavrenrueo2C"}
{"time":1783388581960,"msg":"plugin init"}
{"time":1783388582190,"msg":"main session: f34ffeDa2KGlBfQCmLCJ"}
{"time":1783388770674,"msg":"plugin init"}
{"time":1783388770919,"msg":"main session: e01ffeL5gzRu3ZDJ0jyC"}
{"time":1783388826734,"msg":"plugin init"}
{"time":1783388826993,"msg":"main session: 2faffexWvf7aRrdMJYt9"}
{"time":1783388902277,"msg":"plugin init"}
{"time":1783388902636,"msg":"main session: bc3ffetLu135Su0F3OoJ"}
{"time":1783388974141,"msg":"plugin init"}
{"time":1783388974417,"msg":"main session: 32affeNJusoRxXOEQYAT"}
{"time":1783389168286,"msg":"plugin init"}
{"time":1783389168590,"msg":"main session: cbfffe0DnM5CmBcC2Dzk"}
{"time":1783389251662,"msg":"plugin init"}
{"time":1783389251933,"msg":"main session: 715ffekQJNGf9zM8ohkQ"}
{"time":1783389334724,"msg":"plugin init"}
{"time":1783389334973,"msg":"main session: 2a7ffew1k3FV7qxIUvOA"}
{"time":1783389411676,"msg":"plugin init"}
{"time":1783389411959,"msg":"main session: 604ffe41tX36sqz8CAiK"}
{"time":1783394697896,"msg":"plugin init"}
{"time":1783394698342,"msg":"main session: c8fffeipRurEeaxrUqWc"}
{"time":1783398963933,"msg":"plugin init"}
{"time":1783398964409,"msg":"main session: 42bffeZ50xrMm7ix0ENF"}
{"time":1783399044874,"msg":"plugin init"}
{"time":1783399045310,"msg":"main session: 85dffeGAEa3hH5sYonZA"}
{"time":1783399168592,"msg":"plugin init"}
{"time":1783399169149,"msg":"main session: 4a4ffeWkzsySSbrhR0Ii"}
{"time":1783399207439,"msg":"plugin init"}
{"time":1783399207947,"msg":"main session: d00ffepPJPGdf9kcbDhp"}
{"time":1783399357332,"msg":"plugin init"}
{"time":1783399357833,"msg":"main session: 371ffep6r84PRBkkrmqt"}
{"time":1783399434461,"msg":"plugin init"}
{"time":1783399434885,"msg":"main session: 650ffemtkwUfAcwhkgDp"}
{"time":1783399630731,"msg":"plugin init"}
{"time":1783399631119,"msg":"main session: 7afffezWX2K5HcwumzbD"}
{"time":1783399679543,"msg":"plugin init"}
{"time":1783399679911,"msg":"main session: 91effe6JqGeLzN0yIF6J"}
{"time":1783401416991,"msg":"plugin init"}
{"time":1783401437766,"msg":"main session: 91effe6JqGeLzN0yIF6J"}
{"time":1783401466053,"msg":"spawn: powershell.exe -WindowStyle exit=0"}
{"time":1783401466055,"msg":"spawn: powershell.exe -WindowStyle exit=0"}
{"time":1783401593249,"msg":"spawn: powershell.exe -WindowStyle exit=0"}
{"time":1783401593273,"msg":"spawn: powershell.exe -WindowStyle exit=0"}
{"time":1783402771847,"msg":"spawn: powershell.exe -WindowStyle exit=0"}
{"time":1783402771850,"msg":"spawn: powershell.exe -WindowStyle exit=0"}
{"time":1783403172212,"msg":"spawn: powershell.exe -WindowStyle exit=0"}
{"time":1783403172233,"msg":"spawn: powershell.exe -WindowStyle exit=0"}
{"time":1783403416732,"msg":"spawn: powershell.exe -WindowStyle exit=0"}
{"time":1783403416746,"msg":"spawn: powershell.exe -WindowStyle exit=0"}
{"time":1783403582985,"msg":"spawn: powershell.exe -WindowStyle exit=0"}
{"time":1783403582998,"msg":"spawn: powershell.exe -WindowStyle exit=0"}
{"time":1783403831854,"msg":"spawn: powershell.exe -WindowStyle exit=0"}
{"time":1783403831890,"msg":"spawn: powershell.exe -WindowStyle exit=0"}
{"time":1783404561603,"msg":"spawn: powershell.exe -WindowStyle exit=0"}
{"time":1783404562286,"msg":"spawn: powershell.exe -WindowStyle exit=0"}
{"time":1783472583054,"msg":"plugin init"}
{"time":1783472716106,"msg":"main session: 91effe6JqGeLzN0yIF6J"}
