Let me start by reading the current GOAL_STATE.json and inspecting the project to independently verify each success criterion.
Let me independently verify the current state of all source code, build artifacts, and tests.
Now I have all the evidence needed. Let me compile my independent verification.
## Independent Verification Report

I've independently inspected the full project state. Here are the findings per criterion:

### Success Criteria Results

| # | Criterion | Verdict | Evidence |
|---|-----------|---------|----------|
| 1 | Build passes, generates binary | **PASS** ✅ | `cmake --build build` succeeds, `build/src/zazaki_git` exists |
| 2 | TUI with Sidebar (6 tabs) + MainPanel + BottomBar | **FAIL** ❌ | `src/main.cpp` is `int main() { return 0; }` - no FTXUI code. `src/app/`, `src/components/`, `src/ui/` all **empty** |
| 3 | Status tab with three-color file states | **FAIL** ❌ | No UI code exists anywhere |
| 4 | Staging tab Space/a/u/c shortcuts | **FAIL** ❌ | No UI code exists anywhere |
| 5 | Commit flow (stage → message → commit → refresh) | **FAIL** ❌ | No UI code exists anywhere |
| 6 | Branch tab (list, highlight current, Enter to switch) | **FAIL** ❌ | No git/ extension modules; no UI code |
| 7 | Log tab (history list, Enter for detail/diff) | **FAIL** ❌ | No git/ extension modules; no UI code |
| 8 | All shortcuts (Tab/1-6/j/k/Space/q/?/Ctrl+R) | **FAIL** ❌ | No app/ module, no keybindings, no event loop |
| 9 | git/ module all tests pass | **PASS** ✅ | 11/11 test cases, 65/65 assertions pass |
| 10 | Design doc exists with complete content | **PASS** ✅ | `docs/superpowers/specs/*.md` exists at 202 lines |

### Plan Progress Check

Only **3/13** subtasks checked ✓. **10 subtasks unstarted**:
- git/ extension modules (branch/log/diff/remote/stash) — **not started**
- Tests for extensions — **not started**
- UI components (ScrollableList, TextInput, TabBar) — **not started**
- StatusPanel, StagingPanel, CommitPanel — **not started**
- BranchPanel, LogPanel, StashPanel, RemotePanel — **not started**
- DiffPanel, HelpPanel, Sidebar, MainPanel, BottomBar — **not started**
- app/ module (event loop, keybindings) — **not started**
- main.cpp integration — **not started**
- Manual verification — **not started**
- Design doc confirmation — **not started**

### Self-Deception Checks

| Check | Result |
|-------|--------|
| Deleted tests? | **No** — 2 test files exist for core module only, none deleted |
| Skipped tests? | **No** — all 11 tests run and pass |
| Empty changes? | **No** new code for UI was ever created — `app/`, `components/`, `ui/` are genuinely empty |
| Git diff shows code changes? | **No** — repository has git initialization but no commits or tracked changes |

### Verdict

**FAIL** — Only 3/10 success criteria met. 10/13 subtasks not started. The core TUI infrastructure (app/, components/, ui/) has **zero files**. `main.cpp` is a 3-line stub. Shortcuts, keybindings, event loop, all UI panels — none exist. The `review` phase is premature.
**Done.** GOAL_STATE.json updated. Summary:

- **Phase**: `review` → `plan`
- **Status**: remains `running` (NOT `completed`)
- **History**: appended FAIL record with specific reasons

The project has solid foundations (CMake, git core module, util module, design doc, 11 pass tests) but 10/13 subtasks and 7/10 criteria are still unmet — specifically all TUI code (app/, components/, ui/) is empty, main.cpp is a stub, git extension modules don't exist, and no integration code has been written.
