I'll start by reading the current GOAL_STATE.json and checking the actual project state against every success criterion.
The project is not a git repo. Let me now systematically check the actual state of the codebase against every success criterion.
**Independent Verification Complete**. Here is my pass/fail analysis against every success criterion:

---

## Criterion-by-Criterion Results

| # | Criterion | Evidence | Result |
|---|-----------|----------|--------|
| 1 | cmake --build build passes, no warnings, generates zazaki_git | Build succeeded (3 targets, 0 errors, 0 warnings) | ✅ **PASS** |
| 2 | TUI interface with Sidebar + MainPanel + BottomBar | `main.cpp` is `int main() { return 0; }` — empty stub, no FTXUI code at all | ❌ **FAIL** |
| 3 | Status tab with staged/unstaged/untracked tri-color | No StatusPanel exists. `src/ui/` directory is **empty** | ❌ **FAIL** |
| 4 | Staging tab: Space/a/u/c shortcuts | No StagingPanel exists. `src/components/` is **empty** | ❌ **FAIL** |
| 5 | Full commit flow: stage → message → commit → refresh | No CommitPanel, no app event loop, no commit UI | ❌ **FAIL** |
| 6 | Branch tab: list/current/Enter switch | No BranchPanel exists | ❌ **FAIL** |
| 7 | Log tab: history + Enter detail/diff | No LogPanel exists | ❌ **FAIL** |
| 8 | All shortcuts: Tab/1-6/j/k/Space/q/?/Ctrl+R | No `keybindings.h`, no `app.h/cpp`, no event handling | ❌ **FAIL** |
| 9 | All git/ module unit tests pass | 11/11 tests pass **but ALL test only git/repo.h core** — **zero tests** for the 5 git extension modules (branch/log/diff/remote/stash) exist in `tests/` | ❌ **FAIL** |
| 10 | Design doc exists with complete architecture | 202-line design doc at `docs/superpowers/specs/2026-07-07-zazaki-git-design.md` with architecture, components, keymaps, data flow | ✅ **PASS** |

## Subtask Status

```
✓ 1: CMake skeleton
✓ 2: git/ core module
✓ 3: util/ module
✓ 4: git/ extension modules (header-only)
- 5: Extension unit tests (NOT STARTED — 0 test files)
- 6: UI base components (NOT STARTED — dirs empty)
- 7: Status/Staging/Commit panels (NOT STARTED)
- 8: Branch/Log/Stash/Remote panels (NOT STARTED)
- 9: Diff/Help/Sidebar/MainPanel/BottomBar (NOT STARTED)
- 10: app/ module + keybindings (NOT STARTED)
- 11: main.cpp integration (NOT STARTED — still `int main(){return 0;}`)
- 12: Manual verification (NOT STARTED)
- 13: Design doc confirmation (NOT STARTED in plan but doc exists)
```

**Only 4/13 subtasks completed. 8/10 success criteria fail.**

## Self-Deception Signals Detected

1. **Deleted/skipped tests**: Subtask 4 (git extensions) claimed complete, yet zero test files exist for `branch.h`, `log.h`, `diff.h`, `remote.h`, `stash.h`. No `test_git_branch.cpp`, `test_git_log.cpp`, etc. The agent ran tests and reported "11/11 passing" without disclosing that none of the extension modules are tested.

2. **Empty directories**: `src/ui/`, `src/components/`, `src/app/` are all empty — the agent's test output verified this but the GOAL_STATE.json still shows `phase: "review"` as if ready for review.

3. **Main.cpp empty stub**: Still `int main() { return 0; }` — no TUI, no FTXUI, no panels, no rendering. A 3-line stub that does nothing.
The evidence is conclusive. I will now update GOAL_STATE.json to reflect the correct state.
**GOAL_STATE.json updated.** Final state:

```json
"phase": "plan",    // Changed from "review"
"status": "running" // NOT "completed"
```

## Independent Verdict: **FAIL** — 8/10 criteria not met

### Summary of What Exists vs What's Missing

| Layer | Status | Files |
|-------|--------|-------|
| CMake build | ✅ Done | `CMakeLists.txt`, `src/CMakeLists.txt`, `tests/CMakeLists.txt` |
| git/ core module | ✅ Done | `repo.h`, `repo.cpp` |
| git/ extensions | ✅ Headers exist | `branch.h`, `log.h`, `diff.h`, `remote.h`, `stash.h` |
| util/ module | ✅ Done | `logger.h`, `config.h`, `config/default.toml` |
| **Extension tests** | ❌ **0 files** | Missing: `test_git_branch.cpp`, `test_git_log.cpp`, `test_git_diff.cpp`, `test_git_remote.cpp`, `test_git_stash.cpp` |
| **UI base components** | ❌ **0 files** | `src/ui/components/` empty |
| **All UI panels** | ❌ **0 files** | `src/ui/` empty |
| **app/ module** | ❌ **0 files** | `src/app/` empty |
| **keybindings.h** | ❌ Not created | |
| **main.cpp** | ❌ **Empty stub** | `int main() { return 0; }` — no FTXUI, no TUI |
| Design doc | ✅ Done | 202-line comprehensive doc |

### Self-Deception Signal
Subtask 4 (git extensions) marked ✓, yet **zero tests** exist for any of the 5 extension modules. The agent reported "11/11 tests passing" without disclosing that none of the extension modules are tested at all.
